<?xml version="1.0" encoding="UTF-8" ?>
<testsuite tests="6" failures="0" name="com.zheng.OptimizedProtocolTest" time="1.579" errors="0" skipped="0">
  <properties>
    <property name="java.runtime.name" value="Java(TM) SE Runtime Environment"/>
    <property name="java.vm.version" value="21.0.7+8-LTS-245"/>
    <property name="sun.boot.library.path" value="C:\Program Files\Java\jdk-21\bin"/>
    <property name="maven.multiModuleProjectDirectory" value="D:\Java-development\myProject\zz-rpc\zz-rpc-core"/>
    <property name="java.vm.vendor" value="Oracle Corporation"/>
    <property name="java.vendor.url" value="https://java.oracle.com/"/>
    <property name="guice.disable.misplaced.annotation.check" value="true"/>
    <property name="path.separator" value=";"/>
    <property name="java.vm.name" value="Java HotSpot(TM) 64-Bit Server VM"/>
    <property name="sun.os.patch.level" value=""/>
    <property name="user.script" value=""/>
    <property name="user.country" value="CN"/>
    <property name="sun.java.launcher" value="SUN_STANDARD"/>
    <property name="test" value="OptimizedProtocolTest"/>
    <property name="java.vm.specification.name" value="Java Virtual Machine Specification"/>
    <property name="user.dir" value="D:\Java-development\myProject\zz-rpc\zz-rpc-core"/>
    <property name="java.vm.compressedOopsMode" value="Zero based"/>
    <property name="java.runtime.version" value="21.0.7+8-LTS-245"/>
    <property name="os.arch" value="amd64"/>
    <property name="java.io.tmpdir" value="C:\Users\ZhengJJ\AppData\Local\Temp\"/>
    <property name="line.separator" value="
"/>
    <property name="java.vm.specification.vendor" value="Oracle Corporation"/>
    <property name="user.variant" value=""/>
    <property name="stderr.encoding" value="ms936"/>
    <property name="os.name" value="Windows 11"/>
    <property name="classworlds.conf" value="D:\software\apache-maven-3.8.6\bin\m2.conf"/>
    <property name="sun.jnu.encoding" value="GBK"/>
    <property name="stdout.encoding" value="ms936"/>
    <property name="java.library.path" value="C:\Program Files\Java\jdk-21\bin;C:\WINDOWS\Sun\Java\bin;C:\WINDOWS\system32;C:\WINDOWS;D:\software\apache-maven-3.8.6\bin;c:\Users\ZhengJJ\AppData\Local\Programs\cursor\resources\app\bin;C:\Program Files\Java\jdk-21\bin;D:\software\VMware)Workstation_Pro\bin\;C:\Program Files\Common Files\Oracle\Java\javapath;C:\Program Files\MySQL\MySQL Server 8.0\bin\;C:\Program Files (x86)\Microsoft SQL Server\160\Tools\Binn\;C:\Program Files\Microsoft SQL Server\160\Tools\Binn\;C:\Program Files\Microsoft SQL Server\Client SDK\ODBC\170\Tools\Binn\;C:\Program Files\Microsoft SQL Server\160\DTS\Binn\;C:\Program Files (x86)\Microsoft SQL Server\160\DTS\Binn\;C:\Program Files\Azure Data Studio\bin;C:\WINDOWS\system32;C:\WINDOWS;C:\WINDOWS\System32\Wbem;C:\WINDOWS\System32\WindowsPowerShell\v1.0\;C:\WINDOWS\System32\OpenSSH\;C:\Users\ZhengJJ\AppData\Local\Android\Sdk\platform-tools;C:\Users\ZhengJJ\AppData\Local\Android\Sdk\tools;D:\software\apache-tomcat-8.5.68\bin;D:\software\apache-tomcat-8.5.68\lib;D:\software\apache-maven-3.6.1\bin;D:\software\微信web开发者工具\dll;D:\sof;ware\微信开发者工具\微信web开发者工具\dll;C:\Program Fi;es\NVIDIA Corporation\NVIDIA NvDLISR;C:\Program Files\dotnet\;C:\Program Files\Java\jdk-21\bin;C:\Users\ZhengJJ\AppData\Local\Programs\Python\Python312\Scripts\;C:\Users\ZhengJJ\AppData\Local\Programs\Python\Python312\;C:\Users\ZhengJJ\AppData\Local\Programs\Python\Launcher\;C:\Program Files\MySQL\MySQL Shell 8.0\bin\;C:\Users\ZhengJJ\AppData\Local\Microsoft\WindowsApps;C:\Users\26784\AppData\Local\Programs\Microsoft VS Code\bin;D:\software\apache-maven-3.8.6\bin;%MYSQL_HOME%\bin;C:\Program Files\Azure Data Studio\bin;C:\Program Files (x86)\Tencent\QQGameTempest\Hall.57734\;D:\software\apache-tomcat-8.5.68\bin;C:\Program Files\JetBrains\IntelliJ IDEA 2024.1.3\bin;;D:\software\cpolar\;C:\Users\ZhengJJ\AppData\Roaming\npm;D:\software\ffmpeg;C:\Users\ZhengJJ\AppData\Local\Programs\Ollama;D:\software\nvm;C:\Program Files\nodejs;C:\Users\ZhengJJ\AppData\Local\Yarn\bin;C:\Users\ZhengJJ\AppData\Local\Programs\cursor\resources\app\bin;D:\software\Git\bin;;."/>
    <property name="maven.conf" value="D:\software\apache-maven-3.8.6/conf"/>
    <property name="jdk.debug" value="release"/>
    <property name="java.class.version" value="65.0"/>
    <property name="java.specification.name" value="Java Platform API Specification"/>
    <property name="sun.management.compiler" value="HotSpot 64-Bit Tiered Compilers"/>
    <property name="os.version" value="10.0"/>
    <property name="library.jansi.path" value="D:\software\apache-maven-3.8.6\lib\jansi-native"/>
    <property name="user.home" value="C:\Users\ZhengJJ"/>
    <property name="user.timezone" value="Asia/Shanghai"/>
    <property name="file.encoding" value="UTF-8"/>
    <property name="java.specification.version" value="21"/>
    <property name="user.name" value="ZhengJJ"/>
    <property name="java.class.path" value="D:\software\apache-maven-3.8.6\boot\plexus-classworlds-2.6.0.jar"/>
    <property name="java.vm.specification.version" value="21"/>
    <property name="sun.arch.data.model" value="64"/>
    <property name="sun.java.command" value="org.codehaus.plexus.classworlds.launcher.Launcher test -Dtest=OptimizedProtocolTest"/>
    <property name="java.home" value="C:\Program Files\Java\jdk-21"/>
    <property name="user.language" value="zh"/>
    <property name="java.specification.vendor" value="Oracle Corporation"/>
    <property name="java.vm.info" value="mixed mode, sharing"/>
    <property name="java.version" value="21.0.7"/>
    <property name="native.encoding" value="GBK"/>
    <property name="java.vendor" value="Oracle Corporation"/>
    <property name="maven.home" value="D:\software\apache-maven-3.8.6"/>
    <property name="file.separator" value="\"/>
    <property name="java.version.date" value="2025-04-15"/>
    <property name="java.vendor.url.bug" value="https://bugreport.java.com/bugreport/"/>
    <property name="sun.io.unicode.encoding" value="UnicodeLittle"/>
    <property name="sun.cpu.endian" value="little"/>
    <property name="sun.cpu.isalist" value="amd64"/>
  </properties>
  <testcase classname="com.zheng.OptimizedProtocolTest" name="testPerformanceComparison" time="1.55"/>
  <testcase classname="com.zheng.OptimizedProtocolTest" name="testBitOperations" time="0.025"/>
  <testcase classname="com.zheng.OptimizedProtocolTest" name="testProtocolSizeComparison" time="0.003"/>
  <testcase classname="com.zheng.OptimizedProtocolTest" name="testBackwardCompatibility" time="0"/>
  <testcase classname="com.zheng.OptimizedProtocolTest" name="testSerializerAndTypeCombination" time="0.001"/>
  <testcase classname="com.zheng.OptimizedProtocolTest" name="testOptimizedEncodeAndDecode" time="0"/>
</testsuite>